[debug] [2025-03-12T12:32:17.901Z] ----------------------------------------------------------------------
[debug] [2025-03-12T12:32:17.903Z] Command:       C:\Program Files\nodejs\node.exe C:\Users\helub\AppData\Roaming\npm\node_modules\firebase-tools\lib\bin\firebase.js emulators:start --only functions
[debug] [2025-03-12T12:32:17.903Z] CLI Version:   13.32.0
[debug] [2025-03-12T12:32:17.904Z] Platform:      win32
[debug] [2025-03-12T12:32:17.904Z] Node Version:  v22.13.0
[debug] [2025-03-12T12:32:17.904Z] Time:          Wed Mar 12 2025 15:32:17 GMT+0300 (East Africa Time)
[debug] [2025-03-12T12:32:17.904Z] ----------------------------------------------------------------------
[debug] 
[debug] [2025-03-12T12:32:18.144Z] > command requires scopes: ["email","openid","https://www.googleapis.com/auth/cloudplatformprojects.readonly","https://www.googleapis.com/auth/firebase","https://www.googleapis.com/auth/cloud-platform"]
[debug] [2025-03-12T12:32:18.144Z] > authorizing via signed-in user (birtukan2017@gmail.com)
[info] i  emulators: Starting emulators: functions {"metadata":{"emulator":{"name":"hub"},"message":"Starting emulators: functions"}}
[debug] [2025-03-12T12:32:18.154Z] [logging] Logging Emulator only supports listening on one address (127.0.0.1). Not listening on ::1
[debug] [2025-03-12T12:32:18.154Z] assigned listening specs for emulators {"user":{"hub":[{"address":"127.0.0.1","family":"IPv4","port":4400},{"address":"::1","family":"IPv6","port":4400}],"ui":[{"address":"127.0.0.1","family":"IPv4","port":4000},{"address":"::1","family":"IPv6","port":4000}],"logging":[{"address":"127.0.0.1","family":"IPv4","port":4500}]},"metadata":{"message":"assigned listening specs for emulators"}}
[debug] [2025-03-12T12:32:18.166Z] [hub] writing locator at C:\Users\helub\AppData\Local\Temp\hub-clone-d0560.json
[debug] [2025-03-12T12:32:18.224Z] [functions] Functions Emulator only supports listening on one address (127.0.0.1). Not listening on ::1
[debug] [2025-03-12T12:32:18.225Z] [eventarc] Eventarc Emulator only supports listening on one address (127.0.0.1). Not listening on ::1
[debug] [2025-03-12T12:32:18.225Z] [tasks] Cloud Tasks Emulator only supports listening on one address (127.0.0.1). Not listening on ::1
[debug] [2025-03-12T12:32:18.225Z] late-assigned ports for functions and eventarc emulators {"user":{"hub":[{"address":"127.0.0.1","family":"IPv4","port":4400},{"address":"::1","family":"IPv6","port":4400}],"ui":[{"address":"127.0.0.1","family":"IPv4","port":4000},{"address":"::1","family":"IPv6","port":4000}],"logging":[{"address":"127.0.0.1","family":"IPv4","port":4500}],"functions":[{"address":"127.0.0.1","family":"IPv4","port":5001}],"eventarc":[{"address":"127.0.0.1","family":"IPv4","port":9299}],"tasks":[{"address":"127.0.0.1","family":"IPv4","port":9499}]},"metadata":{"message":"late-assigned ports for functions and eventarc emulators"}}
[warn] !  functions: The following emulators are not running, calls to these services from the Functions emulator will affect production: apphosting, auth, firestore, database, hosting, pubsub, storage, dataconnect {"metadata":{"emulator":{"name":"functions"},"message":"The following emulators are not running, calls to these services from the Functions emulator will affect production: \u001b[1mapphosting, auth, firestore, database, hosting, pubsub, storage, dataconnect\u001b[22m"}}
[debug] [2025-03-12T12:32:18.233Z] defaultcredentials: writing to file C:\Users\helub\AppData\Roaming\firebase\birtukan2017_gmail_com_application_default_credentials.json
[debug] [2025-03-12T12:32:18.235Z] Setting GAC to C:\Users\helub\AppData\Roaming\firebase\birtukan2017_gmail_com_application_default_credentials.json {"metadata":{"emulator":{"name":"functions"},"message":"Setting GAC to C:\\Users\\helub\\AppData\\Roaming\\firebase\\birtukan2017_gmail_com_application_default_credentials.json"}}
[debug] [2025-03-12T12:32:18.236Z] Checked if tokens are valid: true, expires at: 1741785547667
[debug] [2025-03-12T12:32:18.237Z] Checked if tokens are valid: true, expires at: 1741785547667
[debug] [2025-03-12T12:32:18.238Z] >>> [apiv2][query] GET https://firebase.googleapis.com/v1beta1/projects/clone-d0560/adminSdkConfig [none]
[debug] [2025-03-12T12:32:19.074Z] <<< [apiv2][status] GET https://firebase.googleapis.com/v1beta1/projects/clone-d0560/adminSdkConfig 200
[debug] [2025-03-12T12:32:19.074Z] <<< [apiv2][body] GET https://firebase.googleapis.com/v1beta1/projects/clone-d0560/adminSdkConfig {"projectId":"clone-d0560","storageBucket":"clone-d0560.firebasestorage.app"}
[info] i  functions: Watching "C:\Users\helub\Desktop\Evangadi 1\Evangadi-FS\Project- Excersices\phase_4\AmazonClone\Amazon-clone-2025\functions" for Cloud Functions... {"metadata":{"emulator":{"name":"functions"},"message":"Watching \"C:\\Users\\helub\\Desktop\\Evangadi 1\\Evangadi-FS\\Project- Excersices\\phase_4\\AmazonClone\\Amazon-clone-2025\\functions\" for Cloud Functions..."}}
[debug] [2025-03-12T12:32:19.126Z] Validating nodejs source
[debug] [2025-03-12T12:32:20.728Z] > [functions] package.json contents: {
  "name": "functions",
  "description": "Cloud Functions for Firebase",
  "scripts": {
    "serve": "firebase emulators:start --only functions",
    "shell": "firebase functions:shell",
    "start": "npm run shell",
    "deploy": "firebase deploy --only functions",
    "logs": "firebase functions:log"
  },
  "engines": {
    "node": "22"
  },
  "main": "index.js",
  "dependencies": {
    "cors": "^2.8.5",
    "dotenv": "^16.4.7",
    "express": "^4.21.2",
    "firebase-admin": "^12.6.0",
    "firebase-functions": "^6.0.1",
    "stripe": "^17.7.0"
  },
  "devDependencies": {
    "firebase-functions-test": "^3.1.0"
  },
  "private": true
}
[debug] [2025-03-12T12:32:20.729Z] Building nodejs source
[debug] [2025-03-12T12:32:20.729Z] Failed to find version of module node: reached end of search path C:\Users\helub\Desktop\Evangadi 1\Evangadi-FS\Project- Excersices\phase_4\AmazonClone\Amazon-clone-2025\functions\node_modules
[info] +  functions: Using node@22 from host. 
[info] i  functions: Loaded environment variables from .env. 
[debug] [2025-03-12T12:32:20.733Z] Could not find functions.yaml. Must use http discovery
[debug] [2025-03-12T12:32:20.738Z] Found firebase-functions binary at 'C:\Users\helub\Desktop\Evangadi 1\Evangadi-FS\Project- Excersices\phase_4\AmazonClone\Amazon-clone-2025\functions\node_modules\.bin\firebase-functions'
[info] Serving at port 8181

[debug] [2025-03-12T12:32:21.453Z] Got response from /__/functions.yaml {"endpoints":{"api":{"availableMemoryMb":null,"timeoutSeconds":null,"minInstances":null,"maxInstances":null,"ingressSettings":null,"concurrency":null,"serviceAccountEmail":null,"vpc":null,"platform":"gcfv2","labels":{},"httpsTrigger":{},"entryPoint":"api"}},"specVersion":"v1alpha1","requiredAPIs":[],"extensions":{}}
[info] +  functions: Loaded functions definitions from source: api. {"metadata":{"emulator":{"name":"functions"},"message":"Loaded functions definitions from source: api."}}
[info] +  functions[us-central1-api]: http function initialized (http://127.0.0.1:5001/clone-d0560/us-central1/api). {"metadata":{"emulator":{"name":"functions"},"message":"\u001b[1mhttp\u001b[22m function initialized (http://127.0.0.1:5001/clone-d0560/us-central1/api)."}}
[debug] [2025-03-12T12:32:25.527Z] Could not find VSCode notification endpoint: FetchError: request to http://localhost:40001/vscode/notify failed, reason: . If you are not running the Firebase Data Connect VSCode extension, this is expected and not an issue.
[info] 
┌─────────────────────────────────────────────────────────────┐
│ ✔  All emulators ready! It is now safe to connect your app. │
│ i  View Emulator UI at http://127.0.0.1:4000/               │
└─────────────────────────────────────────────────────────────┘

┌───────────┬────────────────┬─────────────────────────────────┐
│ Emulator  │ Host:Port      │ View in Emulator UI             │
├───────────┼────────────────┼─────────────────────────────────┤
│ Functions │ 127.0.0.1:5001 │ http://127.0.0.1:4000/functions │
└───────────┴────────────────┴─────────────────────────────────┘
  Emulator Hub host: 127.0.0.1 port: 4400
  Other reserved ports: 4500

Issues? Report them at https://github.com/firebase/firebase-tools/issues and attach the *-debug.log files.
 
[debug] [2025-03-12T12:35:25.630Z] [work-queue] {"queuedWork":["/clone-d0560/us-central1/api-2025-03-12T12:35:25.629Z"],"queueLength":1,"runningWork":[],"workRunningCount":0}
[debug] [2025-03-12T12:35:25.631Z] [work-queue] {"queuedWork":[],"queueLength":0,"runningWork":["/clone-d0560/us-central1/api-2025-03-12T12:35:25.629Z"],"workRunningCount":1}
[debug] [2025-03-12T12:35:25.631Z] Accepted request GET /clone-d0560/us-central1/api --> us-central1-api
[debug] [2025-03-12T12:35:25.640Z] [functions] Runtime ready! Sending request! {"metadata":{"emulator":{"name":"functions"},"message":"[functions] Runtime ready! Sending request!"}}
[debug] [2025-03-12T12:35:25.642Z] [functions] Got req.url=/clone-d0560/us-central1/api, mapping to path=/ {"metadata":{"emulator":{"name":"functions"},"message":"[functions] Got req.url=/clone-d0560/us-central1/api, mapping to path=/"}}
[info] i  functions: Loaded environment variables from .env. 
[debug] [2025-03-12T12:35:25.692Z] [worker-pool] addWorker(us-central1-api) {"metadata":{"emulator":{"name":"functions"},"message":"[worker-pool] addWorker(us-central1-api)"}}
[debug] [2025-03-12T12:35:25.694Z] [worker-pool] Adding worker with key us-central1-api, total=1 {"metadata":{"emulator":{"name":"functions"},"message":"[worker-pool] Adding worker with key us-central1-api, total=1"}}
[info] >  (node:26756) [DEP0040] DeprecationWarning: The `punycode` module is deprecated. Please use a userland alternative instead. {"user":"(node:26756) [DEP0040] DeprecationWarning: The `punycode` module is deprecated. Please use a userland alternative instead.","metadata":{"emulator":{"name":"functions"},"function":{"name":"us-central1-api"},"extension":{},"message":"\u001b[90m> \u001b[39m (node:26756) [DEP0040] DeprecationWarning: The `punycode` module is deprecated. Please use a userland alternative instead."}}
[info] >  (Use `node --trace-deprecation ...` to show where the warning was created) {"user":"(Use `node --trace-deprecation ...` to show where the warning was created)","metadata":{"emulator":{"name":"functions"},"function":{"name":"us-central1-api"},"extension":{},"message":"\u001b[90m> \u001b[39m (Use `node --trace-deprecation ...` to show where the warning was created)"}}
[debug] [2025-03-12T12:35:27.426Z] [runtime-status] [26756] Resolved module firebase-admin {"declared":true,"installed":true,"version":"12.7.0","resolution":"C:\\Users\\helub\\Desktop\\Evangadi 1\\Evangadi-FS\\Project- Excersices\\phase_4\\AmazonClone\\Amazon-clone-2025\\functions\\node_modules\\firebase-admin\\lib\\index.js"} {"metadata":{"emulator":{"name":"functions"},"function":{"name":"us-central1-api"},"extension":{},"message":"[runtime-status] [26756] Resolved module firebase-admin {\"declared\":true,\"installed\":true,\"version\":\"12.7.0\",\"resolution\":\"C:\\\\Users\\\\helub\\\\Desktop\\\\Evangadi 1\\\\Evangadi-FS\\\\Project- Excersices\\\\phase_4\\\\AmazonClone\\\\Amazon-clone-2025\\\\functions\\\\node_modules\\\\firebase-admin\\\\lib\\\\index.js\"}"}}
[debug] [2025-03-12T12:35:27.427Z] [runtime-status] [26756] Resolved module firebase-functions {"declared":true,"installed":true,"version":"6.3.2","resolution":"C:\\Users\\helub\\Desktop\\Evangadi 1\\Evangadi-FS\\Project- Excersices\\phase_4\\AmazonClone\\Amazon-clone-2025\\functions\\node_modules\\firebase-functions\\lib\\v2\\index.js"} {"metadata":{"emulator":{"name":"functions"},"function":{"name":"us-central1-api"},"extension":{},"message":"[runtime-status] [26756] Resolved module firebase-functions {\"declared\":true,\"installed\":true,\"version\":\"6.3.2\",\"resolution\":\"C:\\\\Users\\\\helub\\\\Desktop\\\\Evangadi 1\\\\Evangadi-FS\\\\Project- Excersices\\\\phase_4\\\\AmazonClone\\\\Amazon-clone-2025\\\\functions\\\\node_modules\\\\firebase-functions\\\\lib\\\\v2\\\\index.js\"}"}}
[debug] [2025-03-12T12:35:27.427Z] [runtime-status] [26756] Outgoing network have been stubbed. [{"name":"http","status":"mocked"},{"name":"http","status":"mocked"},{"name":"https","status":"mocked"},{"name":"https","status":"mocked"},{"name":"net","status":"mocked"}] {"metadata":{"emulator":{"name":"functions"},"function":{"name":"us-central1-api"},"extension":{},"message":"[runtime-status] [26756] Outgoing network have been stubbed. [{\"name\":\"http\",\"status\":\"mocked\"},{\"name\":\"http\",\"status\":\"mocked\"},{\"name\":\"https\",\"status\":\"mocked\"},{\"name\":\"https\",\"status\":\"mocked\"},{\"name\":\"net\",\"status\":\"mocked\"}]"}}
[debug] [2025-03-12T12:35:27.428Z] [runtime-status] [26756] Resolved module firebase-functions {"declared":true,"installed":true,"version":"6.3.2","resolution":"C:\\Users\\helub\\Desktop\\Evangadi 1\\Evangadi-FS\\Project- Excersices\\phase_4\\AmazonClone\\Amazon-clone-2025\\functions\\node_modules\\firebase-functions\\lib\\v2\\index.js"} {"metadata":{"emulator":{"name":"functions"},"function":{"name":"us-central1-api"},"extension":{},"message":"[runtime-status] [26756] Resolved module firebase-functions {\"declared\":true,\"installed\":true,\"version\":\"6.3.2\",\"resolution\":\"C:\\\\Users\\\\helub\\\\Desktop\\\\Evangadi 1\\\\Evangadi-FS\\\\Project- Excersices\\\\phase_4\\\\AmazonClone\\\\Amazon-clone-2025\\\\functions\\\\node_modules\\\\firebase-functions\\\\lib\\\\v2\\\\index.js\"}"}}
[debug] [2025-03-12T12:35:27.854Z] [runtime-status] [26756] Checked functions.config() {"config":{}} {"metadata":{"emulator":{"name":"functions"},"function":{"name":"us-central1-api"},"extension":{},"message":"[runtime-status] [26756] Checked functions.config() {\"config\":{}}"}}
[debug] [2025-03-12T12:35:27.855Z] [runtime-status] [26756] firebase-functions has been stubbed. {"functionsResolution":{"declared":true,"installed":true,"version":"6.3.2","resolution":"C:\\Users\\helub\\Desktop\\Evangadi 1\\Evangadi-FS\\Project- Excersices\\phase_4\\AmazonClone\\Amazon-clone-2025\\functions\\node_modules\\firebase-functions\\lib\\v2\\index.js"}} {"metadata":{"emulator":{"name":"functions"},"function":{"name":"us-central1-api"},"extension":{},"message":"[runtime-status] [26756] firebase-functions has been stubbed. {\"functionsResolution\":{\"declared\":true,\"installed\":true,\"version\":\"6.3.2\",\"resolution\":\"C:\\\\Users\\\\helub\\\\Desktop\\\\Evangadi 1\\\\Evangadi-FS\\\\Project- Excersices\\\\phase_4\\\\AmazonClone\\\\Amazon-clone-2025\\\\functions\\\\node_modules\\\\firebase-functions\\\\lib\\\\v2\\\\index.js\"}}"}}
[debug] [2025-03-12T12:35:27.857Z] [runtime-status] [26756] Resolved module firebase-functions {"declared":true,"installed":true,"version":"6.3.2","resolution":"C:\\Users\\helub\\Desktop\\Evangadi 1\\Evangadi-FS\\Project- Excersices\\phase_4\\AmazonClone\\Amazon-clone-2025\\functions\\node_modules\\firebase-functions\\lib\\v2\\index.js"} {"metadata":{"emulator":{"name":"functions"},"function":{"name":"us-central1-api"},"extension":{},"message":"[runtime-status] [26756] Resolved module firebase-functions {\"declared\":true,\"installed\":true,\"version\":\"6.3.2\",\"resolution\":\"C:\\\\Users\\\\helub\\\\Desktop\\\\Evangadi 1\\\\Evangadi-FS\\\\Project- Excersices\\\\phase_4\\\\AmazonClone\\\\Amazon-clone-2025\\\\functions\\\\node_modules\\\\firebase-functions\\\\lib\\\\v2\\\\index.js\"}"}}
[debug] [2025-03-12T12:35:27.862Z] [runtime-status] [26756] Resolved module firebase-admin {"declared":true,"installed":true,"version":"12.7.0","resolution":"C:\\Users\\helub\\Desktop\\Evangadi 1\\Evangadi-FS\\Project- Excersices\\phase_4\\AmazonClone\\Amazon-clone-2025\\functions\\node_modules\\firebase-admin\\lib\\index.js"} {"metadata":{"emulator":{"name":"functions"},"function":{"name":"us-central1-api"},"extension":{},"message":"[runtime-status] [26756] Resolved module firebase-admin {\"declared\":true,\"installed\":true,\"version\":\"12.7.0\",\"resolution\":\"C:\\\\Users\\\\helub\\\\Desktop\\\\Evangadi 1\\\\Evangadi-FS\\\\Project- Excersices\\\\phase_4\\\\AmazonClone\\\\Amazon-clone-2025\\\\functions\\\\node_modules\\\\firebase-admin\\\\lib\\\\index.js\"}"}}
[debug] [2025-03-12T12:35:27.865Z] [runtime-status] [26756] Resolved module firebase-functions {"declared":true,"installed":true,"version":"6.3.2","resolution":"C:\\Users\\helub\\Desktop\\Evangadi 1\\Evangadi-FS\\Project- Excersices\\phase_4\\AmazonClone\\Amazon-clone-2025\\functions\\node_modules\\firebase-functions\\lib\\v2\\index.js"} {"metadata":{"emulator":{"name":"functions"},"function":{"name":"us-central1-api"},"extension":{},"message":"[runtime-status] [26756] Resolved module firebase-functions {\"declared\":true,\"installed\":true,\"version\":\"6.3.2\",\"resolution\":\"C:\\\\Users\\\\helub\\\\Desktop\\\\Evangadi 1\\\\Evangadi-FS\\\\Project- Excersices\\\\phase_4\\\\AmazonClone\\\\Amazon-clone-2025\\\\functions\\\\node_modules\\\\firebase-functions\\\\lib\\\\v2\\\\index.js\"}"}}
[debug] [2025-03-12T12:35:27.866Z] [runtime-status] [26756] firebase-admin has been stubbed. {"adminResolution":{"declared":true,"installed":true,"version":"12.7.0","resolution":"C:\\Users\\helub\\Desktop\\Evangadi 1\\Evangadi-FS\\Project- Excersices\\phase_4\\AmazonClone\\Amazon-clone-2025\\functions\\node_modules\\firebase-admin\\lib\\index.js"}} {"metadata":{"emulator":{"name":"functions"},"function":{"name":"us-central1-api"},"extension":{},"message":"[runtime-status] [26756] firebase-admin has been stubbed. {\"adminResolution\":{\"declared\":true,\"installed\":true,\"version\":\"12.7.0\",\"resolution\":\"C:\\\\Users\\\\helub\\\\Desktop\\\\Evangadi 1\\\\Evangadi-FS\\\\Project- Excersices\\\\phase_4\\\\AmazonClone\\\\Amazon-clone-2025\\\\functions\\\\node_modules\\\\firebase-admin\\\\lib\\\\index.js\"}}"}}
[debug] [2025-03-12T12:35:28.098Z] [runtime-status] [26756] Functions runtime initialized. {"cwd":"C:\\Users\\helub\\Desktop\\Evangadi 1\\Evangadi-FS\\Project- Excersices\\phase_4\\AmazonClone\\Amazon-clone-2025\\functions","node_version":"22.13.0"} {"metadata":{"emulator":{"name":"functions"},"function":{"name":"us-central1-api"},"extension":{},"message":"[runtime-status] [26756] Functions runtime initialized. {\"cwd\":\"C:\\\\Users\\\\helub\\\\Desktop\\\\Evangadi 1\\\\Evangadi-FS\\\\Project- Excersices\\\\phase_4\\\\AmazonClone\\\\Amazon-clone-2025\\\\functions\",\"node_version\":\"22.13.0\"}"}}
[debug] [2025-03-12T12:35:28.098Z] [runtime-status] [26756] Listening to port: \\?\pipe\fire_emu_4233ee9f9a4bdf15 {"metadata":{"emulator":{"name":"functions"},"function":{"name":"us-central1-api"},"extension":{},"message":"[runtime-status] [26756] Listening to port: \\\\?\\pipe\\fire_emu_4233ee9f9a4bdf15"}}
[debug] [2025-03-12T12:35:28.213Z] [worker-us-central1-api-e67e4b2f-b6c5-4193-87a1-821830518ce4]: IDLE {"metadata":{"emulator":{"name":"functions"},"function":{"name":"us-central1-api"},"extension":{},"message":"[worker-us-central1-api-e67e4b2f-b6c5-4193-87a1-821830518ce4]: IDLE"}}
[debug] [2025-03-12T12:35:28.214Z] [worker-pool] submitRequest(triggerId=us-central1-api) {"metadata":{"emulator":{"name":"functions"},"message":"[worker-pool] submitRequest(triggerId=us-central1-api)"}}
[info] i  functions: Beginning execution of "us-central1-api" {"metadata":{"emulator":{"name":"functions"},"function":{"name":"us-central1-api"},"extension":{},"message":"Beginning execution of \"us-central1-api\""}}
[debug] [2025-03-12T12:35:28.215Z] [worker-us-central1-api-e67e4b2f-b6c5-4193-87a1-821830518ce4]: BUSY {"metadata":{"emulator":{"name":"functions"},"function":{"name":"us-central1-api"},"extension":{},"message":"[worker-us-central1-api-e67e4b2f-b6c5-4193-87a1-821830518ce4]: BUSY"}}
[debug] [2025-03-12T12:35:28.229Z] Finishing up request with event=pause {"metadata":{"emulator":{"name":"functions"},"function":{"name":"us-central1-api"},"extension":{},"message":"Finishing up request with event=pause"}}
[info] i  functions: Finished "us-central1-api" in 14.602ms {"metadata":{"emulator":{"name":"functions"},"function":{"name":"us-central1-api"},"extension":{},"message":"Finished \"us-central1-api\" in 14.602ms"}}
[debug] [2025-03-12T12:35:28.231Z] [worker-us-central1-api-e67e4b2f-b6c5-4193-87a1-821830518ce4]: IDLE {"metadata":{"emulator":{"name":"functions"},"function":{"name":"us-central1-api"},"extension":{},"message":"[worker-us-central1-api-e67e4b2f-b6c5-4193-87a1-821830518ce4]: IDLE"}}
[debug] [2025-03-12T12:35:28.231Z] Finishing up request with event=finish {"metadata":{"emulator":{"name":"functions"},"function":{"name":"us-central1-api"},"extension":{},"message":"Finishing up request with event=finish"}}
[debug] [2025-03-12T12:35:28.231Z] Finishing up request with event=close {"metadata":{"emulator":{"name":"functions"},"function":{"name":"us-central1-api"},"extension":{},"message":"Finishing up request with event=close"}}
[debug] [2025-03-12T12:35:28.231Z] [work-queue] {"queuedWork":[],"queueLength":0,"runningWork":[],"workRunningCount":0}
[debug] [2025-03-12T12:35:28.341Z] Functions emulator received unknown request at path /favicon.ico
[debug] [2025-03-12T22:42:38.851Z] [work-queue] {"queuedWork":["/clone-d0560/us-central1/api/payment/create-2025-03-12T22:42:38.850Z"],"queueLength":1,"runningWork":[],"workRunningCount":0}
[debug] [2025-03-12T22:42:38.853Z] [work-queue] {"queuedWork":[],"queueLength":0,"runningWork":["/clone-d0560/us-central1/api/payment/create-2025-03-12T22:42:38.850Z"],"workRunningCount":1}
[debug] [2025-03-12T22:42:38.854Z] Accepted request POST /clone-d0560/us-central1/api/payment/create?total=119800 --> us-central1-api
[debug] [2025-03-12T22:42:38.862Z] [functions] Runtime ready! Sending request! {"metadata":{"emulator":{"name":"functions"},"message":"[functions] Runtime ready! Sending request!"}}
[debug] [2025-03-12T22:42:38.862Z] [functions] Got req.url=/clone-d0560/us-central1/api/payment/create?total=119800, mapping to path=/payment/create?total=119800 {"metadata":{"emulator":{"name":"functions"},"message":"[functions] Got req.url=/clone-d0560/us-central1/api/payment/create?total=119800, mapping to path=/payment/create?total=119800"}}
[debug] [2025-03-12T22:42:38.863Z] [worker-pool] submitRequest(triggerId=us-central1-api) {"metadata":{"emulator":{"name":"functions"},"message":"[worker-pool] submitRequest(triggerId=us-central1-api)"}}
[info] i  functions: Beginning execution of "us-central1-api" {"metadata":{"emulator":{"name":"functions"},"function":{"name":"us-central1-api"},"extension":{},"message":"Beginning execution of \"us-central1-api\""}}
[debug] [2025-03-12T22:42:38.864Z] [worker-us-central1-api-e67e4b2f-b6c5-4193-87a1-821830518ce4]: BUSY {"metadata":{"emulator":{"name":"functions"},"function":{"name":"us-central1-api"},"extension":{},"message":"[worker-us-central1-api-e67e4b2f-b6c5-4193-87a1-821830518ce4]: BUSY"}}
[debug] [2025-03-12T22:42:40.200Z] Finishing up request with event=pause {"metadata":{"emulator":{"name":"functions"},"function":{"name":"us-central1-api"},"extension":{},"message":"Finishing up request with event=pause"}}
[info] i  functions: Finished "us-central1-api" in 1336.6063ms {"metadata":{"emulator":{"name":"functions"},"function":{"name":"us-central1-api"},"extension":{},"message":"Finished \"us-central1-api\" in 1336.6063ms"}}
[debug] [2025-03-12T22:42:40.201Z] [worker-us-central1-api-e67e4b2f-b6c5-4193-87a1-821830518ce4]: IDLE {"metadata":{"emulator":{"name":"functions"},"function":{"name":"us-central1-api"},"extension":{},"message":"[worker-us-central1-api-e67e4b2f-b6c5-4193-87a1-821830518ce4]: IDLE"}}
[debug] [2025-03-12T22:42:40.201Z] Finishing up request with event=finish {"metadata":{"emulator":{"name":"functions"},"function":{"name":"us-central1-api"},"extension":{},"message":"Finishing up request with event=finish"}}
[debug] [2025-03-12T22:42:40.201Z] Finishing up request with event=close {"metadata":{"emulator":{"name":"functions"},"function":{"name":"us-central1-api"},"extension":{},"message":"Finishing up request with event=close"}}
[debug] [2025-03-12T22:42:40.201Z] [work-queue] {"queuedWork":[],"queueLength":0,"runningWork":[],"workRunningCount":0}
[debug] [2025-03-12T22:44:47.789Z] [work-queue] {"queuedWork":["/clone-d0560/us-central1/api/payment/create-2025-03-12T22:44:47.789Z"],"queueLength":1,"runningWork":[],"workRunningCount":0}
[debug] [2025-03-12T22:44:47.790Z] [work-queue] {"queuedWork":[],"queueLength":0,"runningWork":["/clone-d0560/us-central1/api/payment/create-2025-03-12T22:44:47.789Z"],"workRunningCount":1}
[debug] [2025-03-12T22:44:47.790Z] Accepted request POST /clone-d0560/us-central1/api/payment/create?total=279299 --> us-central1-api
[debug] [2025-03-12T22:44:47.793Z] [functions] Runtime ready! Sending request! {"metadata":{"emulator":{"name":"functions"},"message":"[functions] Runtime ready! Sending request!"}}
[debug] [2025-03-12T22:44:47.794Z] [functions] Got req.url=/clone-d0560/us-central1/api/payment/create?total=279299, mapping to path=/payment/create?total=279299 {"metadata":{"emulator":{"name":"functions"},"message":"[functions] Got req.url=/clone-d0560/us-central1/api/payment/create?total=279299, mapping to path=/payment/create?total=279299"}}
[debug] [2025-03-12T22:44:47.794Z] [worker-pool] submitRequest(triggerId=us-central1-api) {"metadata":{"emulator":{"name":"functions"},"message":"[worker-pool] submitRequest(triggerId=us-central1-api)"}}
[info] i  functions: Beginning execution of "us-central1-api" {"metadata":{"emulator":{"name":"functions"},"function":{"name":"us-central1-api"},"extension":{},"message":"Beginning execution of \"us-central1-api\""}}
[debug] [2025-03-12T22:44:47.795Z] [worker-us-central1-api-e67e4b2f-b6c5-4193-87a1-821830518ce4]: BUSY {"metadata":{"emulator":{"name":"functions"},"function":{"name":"us-central1-api"},"extension":{},"message":"[worker-us-central1-api-e67e4b2f-b6c5-4193-87a1-821830518ce4]: BUSY"}}
[debug] [2025-03-12T22:44:48.714Z] Finishing up request with event=pause {"metadata":{"emulator":{"name":"functions"},"function":{"name":"us-central1-api"},"extension":{},"message":"Finishing up request with event=pause"}}
[info] i  functions: Finished "us-central1-api" in 919.4223ms {"metadata":{"emulator":{"name":"functions"},"function":{"name":"us-central1-api"},"extension":{},"message":"Finished \"us-central1-api\" in 919.4223ms"}}
[debug] [2025-03-12T22:44:48.716Z] [worker-us-central1-api-e67e4b2f-b6c5-4193-87a1-821830518ce4]: IDLE {"metadata":{"emulator":{"name":"functions"},"function":{"name":"us-central1-api"},"extension":{},"message":"[worker-us-central1-api-e67e4b2f-b6c5-4193-87a1-821830518ce4]: IDLE"}}
[debug] [2025-03-12T22:44:48.716Z] Finishing up request with event=finish {"metadata":{"emulator":{"name":"functions"},"function":{"name":"us-central1-api"},"extension":{},"message":"Finishing up request with event=finish"}}
[debug] [2025-03-12T22:44:48.716Z] Finishing up request with event=close {"metadata":{"emulator":{"name":"functions"},"function":{"name":"us-central1-api"},"extension":{},"message":"Finishing up request with event=close"}}
[debug] [2025-03-12T22:44:48.716Z] [work-queue] {"queuedWork":[],"queueLength":0,"runningWork":[],"workRunningCount":0}
[debug] [2025-03-12T22:46:42.944Z] [work-queue] {"queuedWork":["/clone-d0560/us-central1/api/payment/create-2025-03-12T22:46:42.944Z"],"queueLength":1,"runningWork":[],"workRunningCount":0}
[debug] [2025-03-12T22:46:42.945Z] [work-queue] {"queuedWork":[],"queueLength":0,"runningWork":["/clone-d0560/us-central1/api/payment/create-2025-03-12T22:46:42.944Z"],"workRunningCount":1}
[debug] [2025-03-12T22:46:42.945Z] Accepted request POST /clone-d0560/us-central1/api/payment/create?total=29299 --> us-central1-api
[debug] [2025-03-12T22:46:42.948Z] [functions] Runtime ready! Sending request! {"metadata":{"emulator":{"name":"functions"},"message":"[functions] Runtime ready! Sending request!"}}
[debug] [2025-03-12T22:46:42.948Z] [functions] Got req.url=/clone-d0560/us-central1/api/payment/create?total=29299, mapping to path=/payment/create?total=29299 {"metadata":{"emulator":{"name":"functions"},"message":"[functions] Got req.url=/clone-d0560/us-central1/api/payment/create?total=29299, mapping to path=/payment/create?total=29299"}}
[debug] [2025-03-12T22:46:42.948Z] [worker-pool] submitRequest(triggerId=us-central1-api) {"metadata":{"emulator":{"name":"functions"},"message":"[worker-pool] submitRequest(triggerId=us-central1-api)"}}
[info] i  functions: Beginning execution of "us-central1-api" {"metadata":{"emulator":{"name":"functions"},"function":{"name":"us-central1-api"},"extension":{},"message":"Beginning execution of \"us-central1-api\""}}
[debug] [2025-03-12T22:46:42.949Z] [worker-us-central1-api-e67e4b2f-b6c5-4193-87a1-821830518ce4]: BUSY {"metadata":{"emulator":{"name":"functions"},"function":{"name":"us-central1-api"},"extension":{},"message":"[worker-us-central1-api-e67e4b2f-b6c5-4193-87a1-821830518ce4]: BUSY"}}
[debug] [2025-03-12T22:46:44.008Z] Finishing up request with event=pause {"metadata":{"emulator":{"name":"functions"},"function":{"name":"us-central1-api"},"extension":{},"message":"Finishing up request with event=pause"}}
[info] i  functions: Finished "us-central1-api" in 1059.6889ms {"metadata":{"emulator":{"name":"functions"},"function":{"name":"us-central1-api"},"extension":{},"message":"Finished \"us-central1-api\" in 1059.6889ms"}}
[debug] [2025-03-12T22:46:44.009Z] [worker-us-central1-api-e67e4b2f-b6c5-4193-87a1-821830518ce4]: IDLE {"metadata":{"emulator":{"name":"functions"},"function":{"name":"us-central1-api"},"extension":{},"message":"[worker-us-central1-api-e67e4b2f-b6c5-4193-87a1-821830518ce4]: IDLE"}}
[debug] [2025-03-12T22:46:44.009Z] Finishing up request with event=finish {"metadata":{"emulator":{"name":"functions"},"function":{"name":"us-central1-api"},"extension":{},"message":"Finishing up request with event=finish"}}
[debug] [2025-03-12T22:46:44.010Z] Finishing up request with event=close {"metadata":{"emulator":{"name":"functions"},"function":{"name":"us-central1-api"},"extension":{},"message":"Finishing up request with event=close"}}
[debug] [2025-03-12T22:46:44.010Z] [work-queue] {"queuedWork":[],"queueLength":0,"runningWork":[],"workRunningCount":0}
[debug] [2025-03-12T22:49:19.027Z] [work-queue] {"queuedWork":["/clone-d0560/us-central1/api/payment/create-2025-03-12T22:49:19.027Z"],"queueLength":1,"runningWork":[],"workRunningCount":0}
[debug] [2025-03-12T22:49:19.027Z] [work-queue] {"queuedWork":[],"queueLength":0,"runningWork":["/clone-d0560/us-central1/api/payment/create-2025-03-12T22:49:19.027Z"],"workRunningCount":1}
[debug] [2025-03-12T22:49:19.028Z] Accepted request POST /clone-d0560/us-central1/api/payment/create?total=159423 --> us-central1-api
[debug] [2025-03-12T22:49:19.033Z] [functions] Runtime ready! Sending request! {"metadata":{"emulator":{"name":"functions"},"message":"[functions] Runtime ready! Sending request!"}}
[debug] [2025-03-12T22:49:19.034Z] [functions] Got req.url=/clone-d0560/us-central1/api/payment/create?total=159423, mapping to path=/payment/create?total=159423 {"metadata":{"emulator":{"name":"functions"},"message":"[functions] Got req.url=/clone-d0560/us-central1/api/payment/create?total=159423, mapping to path=/payment/create?total=159423"}}
[debug] [2025-03-12T22:49:19.034Z] [worker-pool] submitRequest(triggerId=us-central1-api) {"metadata":{"emulator":{"name":"functions"},"message":"[worker-pool] submitRequest(triggerId=us-central1-api)"}}
[info] i  functions: Beginning execution of "us-central1-api" {"metadata":{"emulator":{"name":"functions"},"function":{"name":"us-central1-api"},"extension":{},"message":"Beginning execution of \"us-central1-api\""}}
[debug] [2025-03-12T22:49:19.035Z] [worker-us-central1-api-e67e4b2f-b6c5-4193-87a1-821830518ce4]: BUSY {"metadata":{"emulator":{"name":"functions"},"function":{"name":"us-central1-api"},"extension":{},"message":"[worker-us-central1-api-e67e4b2f-b6c5-4193-87a1-821830518ce4]: BUSY"}}
[debug] [2025-03-12T22:49:19.976Z] Finishing up request with event=pause {"metadata":{"emulator":{"name":"functions"},"function":{"name":"us-central1-api"},"extension":{},"message":"Finishing up request with event=pause"}}
[info] i  functions: Finished "us-central1-api" in 941.9221ms {"metadata":{"emulator":{"name":"functions"},"function":{"name":"us-central1-api"},"extension":{},"message":"Finished \"us-central1-api\" in 941.9221ms"}}
[debug] [2025-03-12T22:49:19.978Z] [worker-us-central1-api-e67e4b2f-b6c5-4193-87a1-821830518ce4]: IDLE {"metadata":{"emulator":{"name":"functions"},"function":{"name":"us-central1-api"},"extension":{},"message":"[worker-us-central1-api-e67e4b2f-b6c5-4193-87a1-821830518ce4]: IDLE"}}
[debug] [2025-03-12T22:49:19.978Z] Finishing up request with event=finish {"metadata":{"emulator":{"name":"functions"},"function":{"name":"us-central1-api"},"extension":{},"message":"Finishing up request with event=finish"}}
[debug] [2025-03-12T22:49:19.978Z] Finishing up request with event=close {"metadata":{"emulator":{"name":"functions"},"function":{"name":"us-central1-api"},"extension":{},"message":"Finishing up request with event=close"}}
[debug] [2025-03-12T22:49:19.978Z] [work-queue] {"queuedWork":[],"queueLength":0,"runningWork":[],"workRunningCount":0}
[debug] [2025-03-12T22:53:44.034Z] [work-queue] {"queuedWork":["/clone-d0560/us-central1/api/payment/create-2025-03-12T22:53:44.034Z"],"queueLength":1,"runningWork":[],"workRunningCount":0}
[debug] [2025-03-12T22:53:44.035Z] [work-queue] {"queuedWork":[],"queueLength":0,"runningWork":["/clone-d0560/us-central1/api/payment/create-2025-03-12T22:53:44.034Z"],"workRunningCount":1}
[debug] [2025-03-12T22:53:44.035Z] Accepted request POST /clone-d0560/us-central1/api/payment/create?total=123799 --> us-central1-api
[debug] [2025-03-12T22:53:44.038Z] [functions] Runtime ready! Sending request! {"metadata":{"emulator":{"name":"functions"},"message":"[functions] Runtime ready! Sending request!"}}
[debug] [2025-03-12T22:53:44.038Z] [functions] Got req.url=/clone-d0560/us-central1/api/payment/create?total=123799, mapping to path=/payment/create?total=123799 {"metadata":{"emulator":{"name":"functions"},"message":"[functions] Got req.url=/clone-d0560/us-central1/api/payment/create?total=123799, mapping to path=/payment/create?total=123799"}}
[debug] [2025-03-12T22:53:44.038Z] [worker-pool] submitRequest(triggerId=us-central1-api) {"metadata":{"emulator":{"name":"functions"},"message":"[worker-pool] submitRequest(triggerId=us-central1-api)"}}
[info] i  functions: Beginning execution of "us-central1-api" {"metadata":{"emulator":{"name":"functions"},"function":{"name":"us-central1-api"},"extension":{},"message":"Beginning execution of \"us-central1-api\""}}
[debug] [2025-03-12T22:53:44.039Z] [worker-us-central1-api-e67e4b2f-b6c5-4193-87a1-821830518ce4]: BUSY {"metadata":{"emulator":{"name":"functions"},"function":{"name":"us-central1-api"},"extension":{},"message":"[worker-us-central1-api-e67e4b2f-b6c5-4193-87a1-821830518ce4]: BUSY"}}
[debug] [2025-03-12T22:53:45.103Z] Finishing up request with event=pause {"metadata":{"emulator":{"name":"functions"},"function":{"name":"us-central1-api"},"extension":{},"message":"Finishing up request with event=pause"}}
[info] i  functions: Finished "us-central1-api" in 1064.7096ms {"metadata":{"emulator":{"name":"functions"},"function":{"name":"us-central1-api"},"extension":{},"message":"Finished \"us-central1-api\" in 1064.7096ms"}}
[debug] [2025-03-12T22:53:45.104Z] [worker-us-central1-api-e67e4b2f-b6c5-4193-87a1-821830518ce4]: IDLE {"metadata":{"emulator":{"name":"functions"},"function":{"name":"us-central1-api"},"extension":{},"message":"[worker-us-central1-api-e67e4b2f-b6c5-4193-87a1-821830518ce4]: IDLE"}}
[debug] [2025-03-12T22:53:45.104Z] Finishing up request with event=finish {"metadata":{"emulator":{"name":"functions"},"function":{"name":"us-central1-api"},"extension":{},"message":"Finishing up request with event=finish"}}
[debug] [2025-03-12T22:53:45.104Z] Finishing up request with event=close {"metadata":{"emulator":{"name":"functions"},"function":{"name":"us-central1-api"},"extension":{},"message":"Finishing up request with event=close"}}
[debug] [2025-03-12T22:53:45.105Z] [work-queue] {"queuedWork":[],"queueLength":0,"runningWork":[],"workRunningCount":0}
[debug] [2025-03-12T22:54:30.379Z] [work-queue] {"queuedWork":["/clone-d0560/us-central1/api/payment/create-2025-03-12T22:54:30.379Z"],"queueLength":1,"runningWork":[],"workRunningCount":0}
[debug] [2025-03-12T22:54:30.380Z] [work-queue] {"queuedWork":[],"queueLength":0,"runningWork":["/clone-d0560/us-central1/api/payment/create-2025-03-12T22:54:30.379Z"],"workRunningCount":1}
[debug] [2025-03-12T22:54:30.380Z] Accepted request POST /clone-d0560/us-central1/api/payment/create?total=55500 --> us-central1-api
[debug] [2025-03-12T22:54:30.385Z] [functions] Runtime ready! Sending request! {"metadata":{"emulator":{"name":"functions"},"message":"[functions] Runtime ready! Sending request!"}}
[debug] [2025-03-12T22:54:30.386Z] [functions] Got req.url=/clone-d0560/us-central1/api/payment/create?total=55500, mapping to path=/payment/create?total=55500 {"metadata":{"emulator":{"name":"functions"},"message":"[functions] Got req.url=/clone-d0560/us-central1/api/payment/create?total=55500, mapping to path=/payment/create?total=55500"}}
[debug] [2025-03-12T22:54:30.386Z] [worker-pool] submitRequest(triggerId=us-central1-api) {"metadata":{"emulator":{"name":"functions"},"message":"[worker-pool] submitRequest(triggerId=us-central1-api)"}}
[info] i  functions: Beginning execution of "us-central1-api" {"metadata":{"emulator":{"name":"functions"},"function":{"name":"us-central1-api"},"extension":{},"message":"Beginning execution of \"us-central1-api\""}}
[debug] [2025-03-12T22:54:30.386Z] [worker-us-central1-api-e67e4b2f-b6c5-4193-87a1-821830518ce4]: BUSY {"metadata":{"emulator":{"name":"functions"},"function":{"name":"us-central1-api"},"extension":{},"message":"[worker-us-central1-api-e67e4b2f-b6c5-4193-87a1-821830518ce4]: BUSY"}}
[debug] [2025-03-12T22:54:30.965Z] Finishing up request with event=pause {"metadata":{"emulator":{"name":"functions"},"function":{"name":"us-central1-api"},"extension":{},"message":"Finishing up request with event=pause"}}
[info] i  functions: Finished "us-central1-api" in 578.7948ms {"metadata":{"emulator":{"name":"functions"},"function":{"name":"us-central1-api"},"extension":{},"message":"Finished \"us-central1-api\" in 578.7948ms"}}
[debug] [2025-03-12T22:54:30.967Z] [worker-us-central1-api-e67e4b2f-b6c5-4193-87a1-821830518ce4]: IDLE {"metadata":{"emulator":{"name":"functions"},"function":{"name":"us-central1-api"},"extension":{},"message":"[worker-us-central1-api-e67e4b2f-b6c5-4193-87a1-821830518ce4]: IDLE"}}
[debug] [2025-03-12T22:54:30.967Z] Finishing up request with event=finish {"metadata":{"emulator":{"name":"functions"},"function":{"name":"us-central1-api"},"extension":{},"message":"Finishing up request with event=finish"}}
[debug] [2025-03-12T22:54:30.968Z] Finishing up request with event=close {"metadata":{"emulator":{"name":"functions"},"function":{"name":"us-central1-api"},"extension":{},"message":"Finishing up request with event=close"}}
[debug] [2025-03-12T22:54:30.968Z] [work-queue] {"queuedWork":[],"queueLength":0,"runningWork":[],"workRunningCount":0}
